2025-03-28 00:58:57 | INFO     | __main__:main:135 - Starting ETL scheduler...
2025-03-28 00:58:57 | INFO     | __main__:main:140 - Initialized job metadata table
2025-03-28 00:58:57 | INFO     | __main__:main:150 - Running ETL once (no scheduling)...
2025-03-28 00:58:57 | INFO     | __main__:run_etl:23 - Starting ETL process...
2025-03-28 00:58:57 | INFO     | __main__:run_etl:28 - Starting data extraction...
2025-03-28 00:58:58 | INFO     | __main__:run_etl:36 - Loaded all tables from database
2025-03-28 00:58:58 | INFO     | __main__:run_etl:40 - Loaded world cities data
2025-03-28 00:58:58 | INFO     | __main__:run_etl:44 - Got exchange rate: 12913.19
2025-03-28 00:58:58 | INFO     | __main__:run_etl:47 - Data extraction completed successfully
2025-03-28 00:58:58 | INFO     | __main__:run_etl:51 - Starting data transformation...
2025-03-28 00:58:58 | INFO     | __main__:run_etl:55 - Cleaned all tables
2025-03-28 00:58:58 | INFO     | __main__:run_etl:59 - Created dimension tables
2025-03-28 00:58:58 | INFO     | __main__:run_etl:63 - Created fact table
2025-03-28 00:58:58 | INFO     | __main__:run_etl:70 - Enriched customer dimension
2025-03-28 00:58:58 | INFO     | __main__:run_etl:73 - Data transformation completed successfully
2025-03-28 00:58:58 | INFO     | __main__:run_etl:77 - Starting data loading...
2025-03-28 00:59:00 | INFO     | __main__:run_etl:81 - Loaded data into warehouse
2025-03-28 00:59:00 | INFO     | __main__:run_etl:85 - Added UZS revenue
2025-03-28 00:59:00 | INFO     | __main__:run_etl:88 - Data loading completed successfully
2025-03-28 00:59:00 | INFO     | __main__:run_etl:90 - ETL process completed successfully!
