2025-03-28 00:53:54 | INFO     | __main__:main:114 - Starting ETL scheduler...
2025-03-28 00:53:54 | INFO     | __main__:main:119 - Initialized job metadata table
2025-03-28 00:53:54 | INFO     | __main__:main:128 - Running initial ETL job...
2025-03-28 00:53:54 | INFO     | __main__:run_etl:22 - Starting ETL process...
2025-03-28 00:53:54 | INFO     | __main__:run_etl:27 - Starting data extraction...
2025-03-28 00:53:54 | INFO     | __main__:run_etl:35 - Loaded all tables from database
2025-03-28 00:53:54 | INFO     | __main__:run_etl:39 - Loaded world cities data
2025-03-28 00:53:55 | INFO     | __main__:run_etl:43 - Got exchange rate: 12913.19
2025-03-28 00:53:55 | INFO     | __main__:run_etl:46 - Data extraction completed successfully
2025-03-28 00:53:55 | INFO     | __main__:run_etl:50 - Starting data transformation...
2025-03-28 00:53:55 | INFO     | __main__:run_etl:54 - Cleaned all tables
2025-03-28 00:53:55 | INFO     | __main__:run_etl:58 - Created dimension tables
2025-03-28 00:53:55 | INFO     | __main__:run_etl:62 - Created fact table
2025-03-28 00:53:55 | INFO     | __main__:run_etl:69 - Enriched customer dimension
2025-03-28 00:53:55 | INFO     | __main__:run_etl:72 - Data transformation completed successfully
2025-03-28 00:53:55 | INFO     | __main__:run_etl:76 - Starting data loading...
2025-03-28 00:53:56 | INFO     | __main__:run_etl:80 - Loaded data into warehouse
2025-03-28 00:53:57 | INFO     | __main__:run_etl:84 - Added UZS revenue
2025-03-28 00:53:57 | INFO     | __main__:run_etl:87 - Data loading completed successfully
2025-03-28 00:53:57 | INFO     | __main__:run_etl:89 - ETL process completed successfully!
2025-03-28 00:57:13 | INFO     | __main__:main:137 - Scheduler stopped by user
